TN:
SF:analyzer.ts
FN:32,getWords
FN:40,countSentences
FN:55,countParagraphs
FN:62,(anonymous_3)
FN:67,getWordFrequency
FN:76,getTopKeywords
FN:79,(anonymous_6)
FN:81,(anonymous_7)
FN:97,analyzeText
FN:109,(anonymous_9)
FNF:10
FNH:10
FNDA:7,getWords
FNDA:7,countSentences
FNDA:7,countParagraphs
FNDA:7,(anonymous_3)
FNDA:7,getWordFrequency
FNDA:7,getTopKeywords
FNDA:25,(anonymous_6)
FNDA:17,(anonymous_7)
FNDA:7,analyzeText
FNDA:36,(anonymous_9)
DA:17,1
DA:34,7
DA:36,7
DA:43,7
DA:44,7
DA:46,7
DA:47,5
DA:48,2
DA:49,0
DA:51,2
DA:57,7
DA:58,7
DA:59,2
DA:62,7
DA:63,5
DA:68,7
DA:69,7
DA:70,36
DA:72,7
DA:77,7
DA:79,25
DA:82,17
DA:83,4
DA:85,13
DA:90,7
DA:97,1
DA:99,7
DA:100,7
DA:101,7
DA:102,7
DA:103,7
DA:104,7
DA:105,7
DA:106,7
DA:109,36
DA:110,7
DA:111,7
DA:114,7
DA:116,7
LF:39
LH:38
BRDA:36,0,0,7
BRDA:36,0,1,2
BRDA:46,1,0,5
BRDA:46,1,1,2
BRDA:48,2,0,0
BRDA:48,2,1,2
BRDA:58,3,0,2
BRDA:58,3,1,5
BRDA:70,4,0,36
BRDA:70,4,1,25
BRDA:82,5,0,4
BRDA:82,5,1,13
BRDA:110,6,0,5
BRDA:110,6,1,2
BRDA:111,7,0,5
BRDA:111,7,1,2
BRF:16
BRH:15
end_of_record
