<?xml version="1.0" encoding="UTF-8"?>
<coverage generated="1761481154882" clover="3.2.0">
  <project timestamp="1761481154882" name="All files">
    <metrics statements="39" coveredstatements="38" conditionals="16" coveredconditionals="15" methods="10" coveredmethods="10" elements="65" coveredelements="63" complexity="0" loc="39" ncloc="39" packages="1" files="1" classes="1"/>
    <file name="analyzer.ts" path="C:\Users\jorge\OneDrive\Desktop\Estudios\2 DAW\DesarrolloC\Text_analizer\analyzer.ts">
      <metrics statements="39" coveredstatements="38" conditionals="16" coveredconditionals="15" methods="10" coveredmethods="10"/>
      <line num="17" count="1" type="stmt"/>
      <line num="34" count="7" type="stmt"/>
      <line num="36" count="7" type="cond" truecount="2" falsecount="0"/>
      <line num="43" count="7" type="stmt"/>
      <line num="44" count="7" type="stmt"/>
      <line num="46" count="7" type="cond" truecount="2" falsecount="0"/>
      <line num="47" count="5" type="stmt"/>
      <line num="48" count="2" type="cond" truecount="1" falsecount="1"/>
      <line num="49" count="0" type="stmt"/>
      <line num="51" count="2" type="stmt"/>
      <line num="57" count="7" type="stmt"/>
      <line num="58" count="7" type="cond" truecount="2" falsecount="0"/>
      <line num="59" count="2" type="stmt"/>
      <line num="62" count="7" type="stmt"/>
      <line num="63" count="5" type="stmt"/>
      <line num="68" count="7" type="stmt"/>
      <line num="69" count="7" type="stmt"/>
      <line num="70" count="36" type="cond" truecount="2" falsecount="0"/>
      <line num="72" count="7" type="stmt"/>
      <line num="77" count="7" type="stmt"/>
      <line num="79" count="25" type="stmt"/>
      <line num="82" count="17" type="cond" truecount="2" falsecount="0"/>
      <line num="83" count="4" type="stmt"/>
      <line num="85" count="13" type="stmt"/>
      <line num="90" count="7" type="stmt"/>
      <line num="97" count="1" type="stmt"/>
      <line num="99" count="7" type="stmt"/>
      <line num="100" count="7" type="stmt"/>
      <line num="101" count="7" type="stmt"/>
      <line num="102" count="7" type="stmt"/>
      <line num="103" count="7" type="stmt"/>
      <line num="104" count="7" type="stmt"/>
      <line num="105" count="7" type="stmt"/>
      <line num="106" count="7" type="stmt"/>
      <line num="109" count="36" type="stmt"/>
      <line num="110" count="7" type="cond" truecount="2" falsecount="0"/>
      <line num="111" count="7" type="cond" truecount="2" falsecount="0"/>
      <line num="114" count="7" type="stmt"/>
      <line num="116" count="7" type="stmt"/>
    </file>
  </project>
</coverage>
