{"C:\\Users\\jorge\\OneDrive\\Desktop\\Estudios\\2 DAW\\DesarrolloC\\Text_analizer\\analyzer.ts": {"path":"C:\\Users\\jorge\\OneDrive\\Desktop\\Estudios\\2 DAW\\DesarrolloC\\Text_analizer\\analyzer.ts","statementMap":{"0":{"start":{"line":97,"column":1},"end":{"line":97,"column":17}},"1":{"start":{"line":17,"column":32},"end":{"line":27,"column":2}},"2":{"start":{"line":34,"column":22},"end":{"line":34,"column":48}},"3":{"start":{"line":36,"column":4},"end":{"line":36,"column":53}},"4":{"start":{"line":43,"column":26},"end":{"line":43,"column":41}},"5":{"start":{"line":44,"column":20},"end":{"line":44,"column":45}},"6":{"start":{"line":46,"column":4},"end":{"line":50,"column":5}},"7":{"start":{"line":47,"column":8},"end":{"line":47,"column":30}},"8":{"start":{"line":48,"column":11},"end":{"line":50,"column":5}},"9":{"start":{"line":49,"column":8},"end":{"line":49,"column":17}},"10":{"start":{"line":51,"column":4},"end":{"line":51,"column":13}},"11":{"start":{"line":57,"column":24},"end":{"line":57,"column":35}},"12":{"start":{"line":58,"column":4},"end":{"line":60,"column":5}},"13":{"start":{"line":59,"column":8},"end":{"line":59,"column":17}},"14":{"start":{"line":62,"column":23},"end":{"line":62,"column":76}},"15":{"start":{"line":62,"column":60},"end":{"line":62,"column":75}},"16":{"start":{"line":63,"column":4},"end":{"line":63,"column":29}},"17":{"start":{"line":68,"column":22},"end":{"line":68,"column":47}},"18":{"start":{"line":69,"column":4},"end":{"line":71,"column":5}},"19":{"start":{"line":70,"column":8},"end":{"line":70,"column":60}},"20":{"start":{"line":72,"column":4},"end":{"line":72,"column":21}},"21":{"start":{"line":77,"column":41},"end":{"line":88,"column":20}},"22":{"start":{"line":79,"column":31},"end":{"line":79,"column":52}},"23":{"start":{"line":82,"column":12},"end":{"line":84,"column":13}},"24":{"start":{"line":83,"column":16},"end":{"line":83,"column":35}},"25":{"start":{"line":85,"column":12},"end":{"line":85,"column":44}},"26":{"start":{"line":90,"column":4},"end":{"line":90,"column":20}},"27":{"start":{"line":99,"column":18},"end":{"line":99,"column":32}},"28":{"start":{"line":100,"column":22},"end":{"line":100,"column":34}},"29":{"start":{"line":101,"column":26},"end":{"line":101,"column":49}},"30":{"start":{"line":102,"column":28},"end":{"line":102,"column":46}},"31":{"start":{"line":103,"column":27},"end":{"line":103,"column":38}},"32":{"start":{"line":104,"column":35},"end":{"line":104,"column":65}},"33":{"start":{"line":105,"column":26},"end":{"line":105,"column":46}},"34":{"start":{"line":106,"column":27},"end":{"line":106,"column":48}},"35":{"start":{"line":109,"column":28},"end":{"line":109,"column":77}},"36":{"start":{"line":109,"column":56},"end":{"line":109,"column":73}},"37":{"start":{"line":110,"column":30},"end":{"line":110,"column":77}},"38":{"start":{"line":111,"column":34},"end":{"line":111,"column":83}},"39":{"start":{"line":114,"column":24},"end":{"line":114,"column":53}},"40":{"start":{"line":116,"column":4},"end":{"line":127,"column":6}}},"fnMap":{"0":{"name":"getWords","decl":{"start":{"line":32,"column":9},"end":{"line":32,"column":17}},"loc":{"start":{"line":32,"column":30},"end":{"line":37,"column":1}}},"1":{"name":"countSentences","decl":{"start":{"line":40,"column":9},"end":{"line":40,"column":23}},"loc":{"start":{"line":40,"column":36},"end":{"line":52,"column":1}}},"2":{"name":"countParagraphs","decl":{"start":{"line":55,"column":9},"end":{"line":55,"column":24}},"loc":{"start":{"line":55,"column":37},"end":{"line":64,"column":1}}},"3":{"name":"(anonymous_3)","decl":{"start":{"line":62,"column":55},"end":{"line":62,"column":56}},"loc":{"start":{"line":62,"column":60},"end":{"line":62,"column":75}}},"4":{"name":"getWordFrequency","decl":{"start":{"line":67,"column":9},"end":{"line":67,"column":25}},"loc":{"start":{"line":67,"column":41},"end":{"line":73,"column":1}}},"5":{"name":"getTopKeywords","decl":{"start":{"line":76,"column":9},"end":{"line":76,"column":23}},"loc":{"start":{"line":76,"column":58},"end":{"line":91,"column":1}}},"6":{"name":"(anonymous_6)","decl":{"start":{"line":79,"column":16},"end":{"line":79,"column":17}},"loc":{"start":{"line":79,"column":31},"end":{"line":79,"column":52}}},"7":{"name":"(anonymous_7)","decl":{"start":{"line":81,"column":14},"end":{"line":81,"column":15}},"loc":{"start":{"line":81,"column":23},"end":{"line":86,"column":9}}},"8":{"name":"analyzeText","decl":{"start":{"line":97,"column":17},"end":{"line":97,"column":28}},"loc":{"start":{"line":97,"column":41},"end":{"line":128,"column":1}}},"9":{"name":"(anonymous_9)","decl":{"start":{"line":109,"column":41},"end":{"line":109,"column":42}},"loc":{"start":{"line":109,"column":56},"end":{"line":109,"column":73}}}},"branchMap":{"0":{"loc":{"start":{"line":36,"column":11},"end":{"line":36,"column":52}},"type":"binary-expr","locations":[{"start":{"line":36,"column":11},"end":{"line":36,"column":46}},{"start":{"line":36,"column":50},"end":{"line":36,"column":52}}]},"1":{"loc":{"start":{"line":46,"column":4},"end":{"line":50,"column":5}},"type":"if","locations":[{"start":{"line":46,"column":4},"end":{"line":50,"column":5}},{"start":{"line":48,"column":11},"end":{"line":50,"column":5}}]},"2":{"loc":{"start":{"line":48,"column":11},"end":{"line":50,"column":5}},"type":"if","locations":[{"start":{"line":48,"column":11},"end":{"line":50,"column":5}},{"start":{},"end":{}}]},"3":{"loc":{"start":{"line":58,"column":4},"end":{"line":60,"column":5}},"type":"if","locations":[{"start":{"line":58,"column":4},"end":{"line":60,"column":5}},{"start":{},"end":{}}]},"4":{"loc":{"start":{"line":70,"column":29},"end":{"line":70,"column":53}},"type":"binary-expr","locations":[{"start":{"line":70,"column":29},"end":{"line":70,"column":48}},{"start":{"line":70,"column":52},"end":{"line":70,"column":53}}]},"5":{"loc":{"start":{"line":82,"column":12},"end":{"line":84,"column":13}},"type":"if","locations":[{"start":{"line":82,"column":12},"end":{"line":84,"column":13}},{"start":{},"end":{}}]},"6":{"loc":{"start":{"line":110,"column":30},"end":{"line":110,"column":77}},"type":"cond-expr","locations":[{"start":{"line":110,"column":46},"end":{"line":110,"column":73}},{"start":{"line":110,"column":76},"end":{"line":110,"column":77}}]},"7":{"loc":{"start":{"line":111,"column":34},"end":{"line":111,"column":83}},"type":"cond-expr","locations":[{"start":{"line":111,"column":54},"end":{"line":111,"column":79}},{"start":{"line":111,"column":82},"end":{"line":111,"column":83}}]}},"s":{"0":1,"1":1,"2":7,"3":7,"4":7,"5":7,"6":7,"7":5,"8":2,"9":0,"10":2,"11":7,"12":7,"13":2,"14":5,"15":7,"16":5,"17":7,"18":7,"19":36,"20":7,"21":7,"22":25,"23":17,"24":4,"25":13,"26":7,"27":7,"28":7,"29":7,"30":7,"31":7,"32":7,"33":7,"34":7,"35":7,"36":36,"37":7,"38":7,"39":7,"40":7},"f":{"0":7,"1":7,"2":7,"3":7,"4":7,"5":7,"6":25,"7":17,"8":7,"9":36},"b":{"0":[7,2],"1":[5,2],"2":[0,2],"3":[2,5],"4":[36,25],"5":[4,13],"6":[5,2],"7":[5,2]}}
}
