TN:
SF:analyzer.ts
FN:39,getWords
FN:45,(anonymous_1)
FN:49,countSentences
FN:67,countParagraphs
FN:73,(anonymous_4)
FN:80,getWordFrequency
FN:89,getTopKeywords
FN:91,(anonymous_7)
FN:92,(anonymous_8)
FN:106,analyzeText
FN:118,(anonymous_10)
FNF:11
FNH:11
FNDA:7,getWords
FNDA:35,(anonymous_1)
FNDA:7,countSentences
FNDA:7,countParagraphs
FNDA:6,(anonymous_4)
FNDA:7,getWordFrequency
FNDA:7,getTopKeywords
FNDA:24,(anonymous_7)
FNDA:17,(anonymous_8)
FNDA:7,analyzeText
FNDA:35,(anonymous_10)
DA:15,1
DA:42,7
DA:45,35
DA:50,7
DA:51,7
DA:52,7
DA:53,5
DA:54,2
DA:55,0
DA:57,2
DA:68,7
DA:69,7
DA:70,2
DA:73,6
DA:76,5
DA:81,7
DA:82,7
DA:83,35
DA:85,7
DA:90,7
DA:91,24
DA:93,17
DA:94,4
DA:96,13
DA:100,7
DA:106,1
DA:107,7
DA:108,7
DA:109,7
DA:110,7
DA:111,7
DA:112,7
DA:113,7
DA:114,7
DA:118,35
DA:119,7
DA:120,7
DA:123,7
DA:125,7
LF:39
LH:38
BRDA:45,0,0,7
BRDA:45,0,1,2
BRDA:52,1,0,5
BRDA:52,1,1,2
BRDA:54,2,0,0
BRDA:54,2,1,2
BRDA:69,3,0,2
BRDA:69,3,1,5
BRDA:76,4,0,5
BRDA:76,4,1,0
BRDA:83,5,0,35
BRDA:83,5,1,24
BRDA:93,6,0,4
BRDA:93,6,1,13
BRDA:119,7,0,5
BRDA:119,7,1,2
BRDA:120,8,0,5
BRDA:120,8,1,2
BRF:18
BRH:16
end_of_record
