<?xml version="1.0" encoding="UTF-8"?>
<coverage generated="1761483201090" clover="3.2.0">
  <project timestamp="1761483201090" name="All files">
    <metrics statements="39" coveredstatements="38" conditionals="18" coveredconditionals="16" methods="11" coveredmethods="11" elements="68" coveredelements="65" complexity="0" loc="39" ncloc="39" packages="1" files="1" classes="1"/>
    <file name="analyzer.ts" path="C:\Users\jorge\OneDrive\Desktop\Estudios\2 DAW\DesarrolloC\Text_analizer\analyzer.ts">
      <metrics statements="39" coveredstatements="38" conditionals="18" coveredconditionals="16" methods="11" coveredmethods="11"/>
      <line num="17" count="1" type="stmt"/>
      <line num="44" count="7" type="stmt"/>
      <line num="47" count="35" type="cond" truecount="2" falsecount="0"/>
      <line num="52" count="7" type="stmt"/>
      <line num="53" count="7" type="stmt"/>
      <line num="54" count="7" type="cond" truecount="2" falsecount="0"/>
      <line num="55" count="5" type="stmt"/>
      <line num="56" count="2" type="cond" truecount="1" falsecount="1"/>
      <line num="57" count="0" type="stmt"/>
      <line num="59" count="2" type="stmt"/>
      <line num="70" count="7" type="stmt"/>
      <line num="71" count="7" type="cond" truecount="2" falsecount="0"/>
      <line num="72" count="2" type="stmt"/>
      <line num="75" count="6" type="stmt"/>
      <line num="78" count="5" type="cond" truecount="1" falsecount="1"/>
      <line num="83" count="7" type="stmt"/>
      <line num="84" count="7" type="stmt"/>
      <line num="85" count="35" type="cond" truecount="2" falsecount="0"/>
      <line num="87" count="7" type="stmt"/>
      <line num="92" count="7" type="stmt"/>
      <line num="93" count="24" type="stmt"/>
      <line num="95" count="17" type="cond" truecount="2" falsecount="0"/>
      <line num="96" count="4" type="stmt"/>
      <line num="98" count="13" type="stmt"/>
      <line num="102" count="7" type="stmt"/>
      <line num="108" count="1" type="stmt"/>
      <line num="109" count="7" type="stmt"/>
      <line num="110" count="7" type="stmt"/>
      <line num="111" count="7" type="stmt"/>
      <line num="112" count="7" type="stmt"/>
      <line num="113" count="7" type="stmt"/>
      <line num="114" count="7" type="stmt"/>
      <line num="115" count="7" type="stmt"/>
      <line num="116" count="7" type="stmt"/>
      <line num="120" count="35" type="stmt"/>
      <line num="121" count="7" type="cond" truecount="2" falsecount="0"/>
      <line num="122" count="7" type="cond" truecount="2" falsecount="0"/>
      <line num="125" count="7" type="stmt"/>
      <line num="127" count="7" type="stmt"/>
    </file>
  </project>
</coverage>
