{"C:\\Users\\jorge\\OneDrive\\Desktop\\Estudios\\2 DAW\\DesarrolloC\\Text_analizer\\analyzer.ts": {"path":"C:\\Users\\jorge\\OneDrive\\Desktop\\Estudios\\2 DAW\\DesarrolloC\\Text_analizer\\analyzer.ts","statementMap":{"0":{"start":{"line":108,"column":0},"end":{"line":108,"column":16}},"1":{"start":{"line":17,"column":32},"end":{"line":27,"column":2}},"2":{"start":{"line":44,"column":22},"end":{"line":44,"column":42}},"3":{"start":{"line":47,"column":4},"end":{"line":47,"column":72}},"4":{"start":{"line":47,"column":46},"end":{"line":47,"column":64}},"5":{"start":{"line":52,"column":26},"end":{"line":52,"column":41}},"6":{"start":{"line":53,"column":20},"end":{"line":53,"column":45}},"7":{"start":{"line":54,"column":4},"end":{"line":58,"column":5}},"8":{"start":{"line":55,"column":8},"end":{"line":55,"column":30}},"9":{"start":{"line":56,"column":11},"end":{"line":58,"column":5}},"10":{"start":{"line":57,"column":8},"end":{"line":57,"column":17}},"11":{"start":{"line":59,"column":4},"end":{"line":59,"column":13}},"12":{"start":{"line":70,"column":24},"end":{"line":70,"column":35}},"13":{"start":{"line":71,"column":4},"end":{"line":73,"column":5}},"14":{"start":{"line":72,"column":8},"end":{"line":72,"column":17}},"15":{"start":{"line":75,"column":23},"end":{"line":75,"column":86}},"16":{"start":{"line":75,"column":70},"end":{"line":75,"column":85}},"17":{"start":{"line":78,"column":4},"end":{"line":78,"column":57}},"18":{"start":{"line":83,"column":22},"end":{"line":83,"column":47}},"19":{"start":{"line":84,"column":4},"end":{"line":86,"column":5}},"20":{"start":{"line":85,"column":8},"end":{"line":85,"column":60}},"21":{"start":{"line":87,"column":4},"end":{"line":87,"column":21}},"22":{"start":{"line":92,"column":41},"end":{"line":100,"column":20}},"23":{"start":{"line":93,"column":31},"end":{"line":93,"column":52}},"24":{"start":{"line":95,"column":12},"end":{"line":97,"column":13}},"25":{"start":{"line":96,"column":16},"end":{"line":96,"column":35}},"26":{"start":{"line":98,"column":12},"end":{"line":98,"column":44}},"27":{"start":{"line":102,"column":4},"end":{"line":102,"column":20}},"28":{"start":{"line":109,"column":18},"end":{"line":109,"column":32}},"29":{"start":{"line":110,"column":22},"end":{"line":110,"column":34}},"30":{"start":{"line":111,"column":26},"end":{"line":111,"column":49}},"31":{"start":{"line":112,"column":28},"end":{"line":112,"column":46}},"32":{"start":{"line":113,"column":27},"end":{"line":113,"column":38}},"33":{"start":{"line":114,"column":35},"end":{"line":114,"column":65}},"34":{"start":{"line":115,"column":26},"end":{"line":115,"column":46}},"35":{"start":{"line":116,"column":27},"end":{"line":116,"column":48}},"36":{"start":{"line":120,"column":28},"end":{"line":120,"column":77}},"37":{"start":{"line":120,"column":56},"end":{"line":120,"column":73}},"38":{"start":{"line":121,"column":30},"end":{"line":121,"column":77}},"39":{"start":{"line":122,"column":34},"end":{"line":122,"column":83}},"40":{"start":{"line":125,"column":24},"end":{"line":125,"column":53}},"41":{"start":{"line":127,"column":4},"end":{"line":139,"column":6}}},"fnMap":{"0":{"name":"getWords","decl":{"start":{"line":41,"column":9},"end":{"line":41,"column":17}},"loc":{"start":{"line":41,"column":30},"end":{"line":48,"column":1}}},"1":{"name":"(anonymous_1)","decl":{"start":{"line":47,"column":38},"end":{"line":47,"column":42}},"loc":{"start":{"line":47,"column":46},"end":{"line":47,"column":64}}},"2":{"name":"countSentences","decl":{"start":{"line":51,"column":9},"end":{"line":51,"column":23}},"loc":{"start":{"line":51,"column":36},"end":{"line":60,"column":1}}},"3":{"name":"countParagraphs","decl":{"start":{"line":69,"column":9},"end":{"line":69,"column":24}},"loc":{"start":{"line":69,"column":37},"end":{"line":79,"column":1}}},"4":{"name":"(anonymous_4)","decl":{"start":{"line":75,"column":65},"end":{"line":75,"column":66}},"loc":{"start":{"line":75,"column":70},"end":{"line":75,"column":85}}},"5":{"name":"getWordFrequency","decl":{"start":{"line":82,"column":9},"end":{"line":82,"column":25}},"loc":{"start":{"line":82,"column":41},"end":{"line":88,"column":1}}},"6":{"name":"getTopKeywords","decl":{"start":{"line":91,"column":9},"end":{"line":91,"column":23}},"loc":{"start":{"line":91,"column":58},"end":{"line":103,"column":1}}},"7":{"name":"(anonymous_7)","decl":{"start":{"line":93,"column":16},"end":{"line":93,"column":17}},"loc":{"start":{"line":93,"column":31},"end":{"line":93,"column":52}}},"8":{"name":"(anonymous_8)","decl":{"start":{"line":94,"column":14},"end":{"line":94,"column":15}},"loc":{"start":{"line":94,"column":23},"end":{"line":99,"column":9}}},"9":{"name":"analyzeText","decl":{"start":{"line":108,"column":16},"end":{"line":108,"column":27}},"loc":{"start":{"line":108,"column":40},"end":{"line":140,"column":1}}},"10":{"name":"(anonymous_10)","decl":{"start":{"line":120,"column":41},"end":{"line":120,"column":42}},"loc":{"start":{"line":120,"column":56},"end":{"line":120,"column":73}}}},"branchMap":{"0":{"loc":{"start":{"line":47,"column":11},"end":{"line":47,"column":71}},"type":"binary-expr","locations":[{"start":{"line":47,"column":11},"end":{"line":47,"column":65}},{"start":{"line":47,"column":69},"end":{"line":47,"column":71}}]},"1":{"loc":{"start":{"line":54,"column":4},"end":{"line":58,"column":5}},"type":"if","locations":[{"start":{"line":54,"column":4},"end":{"line":58,"column":5}},{"start":{"line":56,"column":11},"end":{"line":58,"column":5}}]},"2":{"loc":{"start":{"line":56,"column":11},"end":{"line":58,"column":5}},"type":"if","locations":[{"start":{"line":56,"column":11},"end":{"line":58,"column":5}},{"start":{},"end":{}}]},"3":{"loc":{"start":{"line":71,"column":4},"end":{"line":73,"column":5}},"type":"if","locations":[{"start":{"line":71,"column":4},"end":{"line":73,"column":5}},{"start":{},"end":{}}]},"4":{"loc":{"start":{"line":78,"column":11},"end":{"line":78,"column":56}},"type":"cond-expr","locations":[{"start":{"line":78,"column":35},"end":{"line":78,"column":52}},{"start":{"line":78,"column":55},"end":{"line":78,"column":56}}]},"5":{"loc":{"start":{"line":85,"column":29},"end":{"line":85,"column":53}},"type":"binary-expr","locations":[{"start":{"line":85,"column":29},"end":{"line":85,"column":48}},{"start":{"line":85,"column":52},"end":{"line":85,"column":53}}]},"6":{"loc":{"start":{"line":95,"column":12},"end":{"line":97,"column":13}},"type":"if","locations":[{"start":{"line":95,"column":12},"end":{"line":97,"column":13}},{"start":{},"end":{}}]},"7":{"loc":{"start":{"line":121,"column":30},"end":{"line":121,"column":77}},"type":"cond-expr","locations":[{"start":{"line":121,"column":46},"end":{"line":121,"column":73}},{"start":{"line":121,"column":76},"end":{"line":121,"column":77}}]},"8":{"loc":{"start":{"line":122,"column":34},"end":{"line":122,"column":83}},"type":"cond-expr","locations":[{"start":{"line":122,"column":54},"end":{"line":122,"column":79}},{"start":{"line":122,"column":82},"end":{"line":122,"column":83}}]}},"s":{"0":1,"1":1,"2":7,"3":7,"4":35,"5":7,"6":7,"7":7,"8":5,"9":2,"10":0,"11":2,"12":7,"13":7,"14":2,"15":5,"16":6,"17":5,"18":7,"19":7,"20":35,"21":7,"22":7,"23":24,"24":17,"25":4,"26":13,"27":7,"28":7,"29":7,"30":7,"31":7,"32":7,"33":7,"34":7,"35":7,"36":7,"37":35,"38":7,"39":7,"40":7,"41":7},"f":{"0":7,"1":35,"2":7,"3":7,"4":6,"5":7,"6":7,"7":24,"8":17,"9":7,"10":35},"b":{"0":[7,2],"1":[5,2],"2":[0,2],"3":[2,5],"4":[5,0],"5":[35,24],"6":[4,13],"7":[5,2],"8":[5,2]}}
}
