TN:
SF:analyzer.ts
FN:41,getWords
FN:47,(anonymous_1)
FN:51,countSentences
FN:69,countParagraphs
FN:75,(anonymous_4)
FN:82,getWordFrequency
FN:91,getTopKeywords
FN:93,(anonymous_7)
FN:94,(anonymous_8)
FN:108,analyzeText
FN:120,(anonymous_10)
FNF:11
FNH:11
FNDA:7,getWords
FNDA:35,(anonymous_1)
FNDA:7,countSentences
FNDA:7,countParagraphs
FNDA:6,(anonymous_4)
FNDA:7,getWordFrequency
FNDA:7,getTopKeywords
FNDA:24,(anonymous_7)
FNDA:17,(anonymous_8)
FNDA:7,analyzeText
FNDA:35,(anonymous_10)
DA:17,1
DA:44,7
DA:47,35
DA:52,7
DA:53,7
DA:54,7
DA:55,5
DA:56,2
DA:57,0
DA:59,2
DA:70,7
DA:71,7
DA:72,2
DA:75,6
DA:78,5
DA:83,7
DA:84,7
DA:85,35
DA:87,7
DA:92,7
DA:93,24
DA:95,17
DA:96,4
DA:98,13
DA:102,7
DA:108,1
DA:109,7
DA:110,7
DA:111,7
DA:112,7
DA:113,7
DA:114,7
DA:115,7
DA:116,7
DA:120,35
DA:121,7
DA:122,7
DA:125,7
DA:127,7
LF:39
LH:38
BRDA:47,0,0,7
BRDA:47,0,1,2
BRDA:54,1,0,5
BRDA:54,1,1,2
BRDA:56,2,0,0
BRDA:56,2,1,2
BRDA:71,3,0,2
BRDA:71,3,1,5
BRDA:78,4,0,5
BRDA:78,4,1,0
BRDA:85,5,0,35
BRDA:85,5,1,24
BRDA:95,6,0,4
BRDA:95,6,1,13
BRDA:121,7,0,5
BRDA:121,7,1,2
BRDA:122,8,0,5
BRDA:122,8,1,2
BRF:18
BRH:16
end_of_record
