<?xml version="1.0" encoding="UTF-8"?>
<coverage generated="1761484205098" clover="3.2.0">
  <project timestamp="1761484205098" name="All files">
    <metrics statements="39" coveredstatements="38" conditionals="18" coveredconditionals="16" methods="11" coveredmethods="11" elements="68" coveredelements="65" complexity="0" loc="39" ncloc="39" packages="1" files="1" classes="1"/>
    <file name="analyzer.ts" path="C:\Users\jorge\OneDrive\Desktop\Estudios\2 DAW\DesarrolloC\Text_analizer\analyzer.ts">
      <metrics statements="39" coveredstatements="38" conditionals="18" coveredconditionals="16" methods="11" coveredmethods="11"/>
      <line num="15" count="1" type="stmt"/>
      <line num="42" count="7" type="stmt"/>
      <line num="45" count="35" type="cond" truecount="2" falsecount="0"/>
      <line num="50" count="7" type="stmt"/>
      <line num="51" count="7" type="stmt"/>
      <line num="52" count="7" type="cond" truecount="2" falsecount="0"/>
      <line num="53" count="5" type="stmt"/>
      <line num="54" count="2" type="cond" truecount="1" falsecount="1"/>
      <line num="55" count="0" type="stmt"/>
      <line num="57" count="2" type="stmt"/>
      <line num="68" count="7" type="stmt"/>
      <line num="69" count="7" type="cond" truecount="2" falsecount="0"/>
      <line num="70" count="2" type="stmt"/>
      <line num="73" count="6" type="stmt"/>
      <line num="76" count="5" type="cond" truecount="1" falsecount="1"/>
      <line num="81" count="7" type="stmt"/>
      <line num="82" count="7" type="stmt"/>
      <line num="83" count="35" type="cond" truecount="2" falsecount="0"/>
      <line num="85" count="7" type="stmt"/>
      <line num="90" count="7" type="stmt"/>
      <line num="91" count="24" type="stmt"/>
      <line num="93" count="17" type="cond" truecount="2" falsecount="0"/>
      <line num="94" count="4" type="stmt"/>
      <line num="96" count="13" type="stmt"/>
      <line num="100" count="7" type="stmt"/>
      <line num="106" count="1" type="stmt"/>
      <line num="107" count="7" type="stmt"/>
      <line num="108" count="7" type="stmt"/>
      <line num="109" count="7" type="stmt"/>
      <line num="110" count="7" type="stmt"/>
      <line num="111" count="7" type="stmt"/>
      <line num="112" count="7" type="stmt"/>
      <line num="113" count="7" type="stmt"/>
      <line num="114" count="7" type="stmt"/>
      <line num="118" count="35" type="stmt"/>
      <line num="119" count="7" type="cond" truecount="2" falsecount="0"/>
      <line num="120" count="7" type="cond" truecount="2" falsecount="0"/>
      <line num="123" count="7" type="stmt"/>
      <line num="125" count="7" type="stmt"/>
    </file>
  </project>
</coverage>
